<?xml version="1.0" encoding="UTF-8"?>
<testng-results skipped="0" failed="0" total="1" passed="1">
  <reporter-output>
  </reporter-output>
  <suite name="Default suite" duration-ms="128324" started-at="2016-04-28T01:20:12Z" finished-at="2016-04-28T01:22:21Z">
    <groups>
    </groups>
    <test name="Default test" duration-ms="128324" started-at="2016-04-28T01:20:12Z" finished-at="2016-04-28T01:22:21Z">
      <class name="com.wordpress.testcases.verifyWordpressLogin">
        <test-method status="PASS" signature="selectBrowser()[pri:0, instance:com.wordpress.testcases.verifyWordpressLogin@4c715560]" name="selectBrowser" is-config="true" duration-ms="14160" started-at="2016-04-28T11:20:12Z" finished-at="2016-04-28T11:20:26Z">
          <reporter-output>
          </reporter-output>
        </test-method> <!-- selectBrowser -->
        <test-method status="PASS" signature="verifyLogout()[pri:0, instance:com.wordpress.testcases.verifyWordpressLogin@4c715560]" name="verifyLogout" duration-ms="114044" started-at="2016-04-28T11:20:26Z" finished-at="2016-04-28T11:22:20Z">
          <reporter-output>
          </reporter-output>
        </test-method> <!-- verifyLogout -->
        <test-method status="PASS" signature="quitBrowser()[pri:0, instance:com.wordpress.testcases.verifyWordpressLogin@4c715560]" name="quitBrowser" is-config="true" duration-ms="92" started-at="2016-04-28T11:22:20Z" finished-at="2016-04-28T11:22:21Z">
          <reporter-output>
          </reporter-output>
        </test-method> <!-- quitBrowser -->
      </class> <!-- com.wordpress.testcases.verifyWordpressLogin -->
    </test> <!-- Default test -->
  </suite> <!-- Default suite -->
</testng-results>
